{"/Users/criadosebastien/Desktop/RepriseSante/src/components/AuthForm.tsx": {"path":"/Users/criadosebastien/Desktop/RepriseSante/src/components/AuthForm.tsx","statementMap":{"0":{"start":{"line":19,"column":19},"end":{"line":19,"column":32}},"1":{"start":{"line":20,"column":32},"end":{"line":20,"column":47}},"2":{"start":{"line":21,"column":30},"end":{"line":21,"column":60}},"3":{"start":{"line":22,"column":56},"end":{"line":22,"column":78}},"4":{"start":{"line":24,"column":24},"end":{"line":27,"column":3}},"5":{"start":{"line":25,"column":23},"end":{"line":25,"column":51}},"6":{"start":{"line":26,"column":4},"end":{"line":26,"column":34}},"7":{"start":{"line":29,"column":27},"end":{"line":32,"column":3}},"8":{"start":{"line":30,"column":26},"end":{"line":30,"column":88}},"9":{"start":{"line":31,"column":4},"end":{"line":31,"column":40}},"10":{"start":{"line":35,"column":23},"end":{"line":121,"column":3}},"11":{"start":{"line":36,"column":4},"end":{"line":36,"column":23}},"12":{"start":{"line":37,"column":40},"end":{"line":37,"column":42}},"13":{"start":{"line":39,"column":21},"end":{"line":39,"column":50}},"14":{"start":{"line":40,"column":18},"end":{"line":40,"column":49}},"15":{"start":{"line":41,"column":21},"end":{"line":41,"column":55}},"16":{"start":{"line":43,"column":4},"end":{"line":60,"column":5}},"17":{"start":{"line":45,"column":6},"end":{"line":47,"column":7}},"18":{"start":{"line":46,"column":8},"end":{"line":46,"column":52}},"19":{"start":{"line":49,"column":6},"end":{"line":51,"column":7}},"20":{"start":{"line":50,"column":8},"end":{"line":50,"column":135}},"21":{"start":{"line":54,"column":6},"end":{"line":56,"column":7}},"22":{"start":{"line":55,"column":8},"end":{"line":55,"column":47}},"23":{"start":{"line":57,"column":6},"end":{"line":59,"column":7}},"24":{"start":{"line":58,"column":8},"end":{"line":58,"column":58}},"25":{"start":{"line":62,"column":4},"end":{"line":65,"column":5}},"26":{"start":{"line":63,"column":6},"end":{"line":63,"column":27}},"27":{"start":{"line":64,"column":6},"end":{"line":64,"column":13}},"28":{"start":{"line":67,"column":4},"end":{"line":67,"column":21}},"29":{"start":{"line":68,"column":4},"end":{"line":120,"column":5}},"30":{"start":{"line":69,"column":6},"end":{"line":115,"column":7}},"31":{"start":{"line":70,"column":26},"end":{"line":73,"column":10}},"32":{"start":{"line":74,"column":8},"end":{"line":74,"column":31}},"33":{"start":{"line":74,"column":19},"end":{"line":74,"column":31}},"34":{"start":{"line":75,"column":8},"end":{"line":75,"column":31}},"35":{"start":{"line":77,"column":42},"end":{"line":80,"column":10}},"36":{"start":{"line":82,"column":8},"end":{"line":82,"column":31}},"37":{"start":{"line":82,"column":19},"end":{"line":82,"column":31}},"38":{"start":{"line":84,"column":8},"end":{"line":111,"column":9}},"39":{"start":{"line":86,"column":42},"end":{"line":98,"column":14}},"40":{"start":{"line":100,"column":10},"end":{"line":100,"column":47}},"41":{"start":{"line":100,"column":28},"end":{"line":100,"column":47}},"42":{"start":{"line":103,"column":46},"end":{"line":108,"column":14}},"43":{"start":{"line":105,"column":58},"end":{"line":108,"column":11}},"44":{"start":{"line":110,"column":8},"end":{"line":110,"column":53}},"45":{"start":{"line":110,"column":30},"end":{"line":110,"column":53}},"46":{"start":{"line":113,"column":8},"end":{"line":113,"column":90}},"47":{"start":{"line":114,"column":8},"end":{"line":114,"column":27}},"48":{"start":{"line":117,"column":6},"end":{"line":117,"column":86}},"49":{"start":{"line":119,"column":6},"end":{"line":119,"column":24}},"50":{"start":{"line":123,"column":2},"end":{"line":168,"column":4}}},"fnMap":{"0":{"name":"AuthForm","decl":{"start":{"line":18,"column":24},"end":{"line":18,"column":32}},"loc":{"start":{"line":18,"column":71},"end":{"line":169,"column":1}},"line":18},"1":{"name":"(anonymous_1)","decl":{"start":{"line":24,"column":24},"end":{"line":24,"column":25}},"loc":{"start":{"line":24,"column":52},"end":{"line":27,"column":3}},"line":24},"2":{"name":"(anonymous_2)","decl":{"start":{"line":29,"column":27},"end":{"line":29,"column":28}},"loc":{"start":{"line":29,"column":58},"end":{"line":32,"column":3}},"line":29},"3":{"name":"(anonymous_3)","decl":{"start":{"line":35,"column":23},"end":{"line":35,"column":24}},"loc":{"start":{"line":35,"column":70},"end":{"line":121,"column":3}},"line":35},"4":{"name":"(anonymous_4)","decl":{"start":{"line":105,"column":42},"end":{"line":105,"column":43}},"loc":{"start":{"line":105,"column":58},"end":{"line":108,"column":11}},"line":105}},"branchMap":{"0":{"loc":{"start":{"line":43,"column":4},"end":{"line":60,"column":5}},"type":"if","locations":[{"start":{"line":43,"column":4},"end":{"line":60,"column":5}},{"start":{"line":52,"column":11},"end":{"line":60,"column":5}}],"line":43},"1":{"loc":{"start":{"line":45,"column":6},"end":{"line":47,"column":7}},"type":"if","locations":[{"start":{"line":45,"column":6},"end":{"line":47,"column":7}},{"start":{},"end":{}}],"line":45},"2":{"loc":{"start":{"line":49,"column":6},"end":{"line":51,"column":7}},"type":"if","locations":[{"start":{"line":49,"column":6},"end":{"line":51,"column":7}},{"start":{},"end":{}}],"line":49},"3":{"loc":{"start":{"line":54,"column":6},"end":{"line":56,"column":7}},"type":"if","locations":[{"start":{"line":54,"column":6},"end":{"line":56,"column":7}},{"start":{},"end":{}}],"line":54},"4":{"loc":{"start":{"line":57,"column":6},"end":{"line":59,"column":7}},"type":"if","locations":[{"start":{"line":57,"column":6},"end":{"line":59,"column":7}},{"start":{},"end":{}}],"line":57},"5":{"loc":{"start":{"line":62,"column":4},"end":{"line":65,"column":5}},"type":"if","locations":[{"start":{"line":62,"column":4},"end":{"line":65,"column":5}},{"start":{},"end":{}}],"line":62},"6":{"loc":{"start":{"line":69,"column":6},"end":{"line":115,"column":7}},"type":"if","locations":[{"start":{"line":69,"column":6},"end":{"line":115,"column":7}},{"start":{"line":76,"column":13},"end":{"line":115,"column":7}}],"line":69},"7":{"loc":{"start":{"line":74,"column":8},"end":{"line":74,"column":31}},"type":"if","locations":[{"start":{"line":74,"column":8},"end":{"line":74,"column":31}},{"start":{},"end":{}}],"line":74},"8":{"loc":{"start":{"line":82,"column":8},"end":{"line":82,"column":31}},"type":"if","locations":[{"start":{"line":82,"column":8},"end":{"line":82,"column":31}},{"start":{},"end":{}}],"line":82},"9":{"loc":{"start":{"line":84,"column":8},"end":{"line":111,"column":9}},"type":"if","locations":[{"start":{"line":84,"column":8},"end":{"line":111,"column":9}},{"start":{},"end":{}}],"line":84},"10":{"loc":{"start":{"line":84,"column":12},"end":{"line":84,"column":31}},"type":"binary-expr","locations":[{"start":{"line":84,"column":12},"end":{"line":84,"column":16}},{"start":{"line":84,"column":20},"end":{"line":84,"column":31}}],"line":84},"11":{"loc":{"start":{"line":100,"column":10},"end":{"line":100,"column":47}},"type":"if","locations":[{"start":{"line":100,"column":10},"end":{"line":100,"column":47}},{"start":{},"end":{}}],"line":100},"12":{"loc":{"start":{"line":110,"column":8},"end":{"line":110,"column":53}},"type":"if","locations":[{"start":{"line":110,"column":8},"end":{"line":110,"column":53}},{"start":{},"end":{}}],"line":110},"13":{"loc":{"start":{"line":117,"column":18},"end":{"line":117,"column":84}},"type":"cond-expr","locations":[{"start":{"line":117,"column":43},"end":{"line":117,"column":56}},{"start":{"line":117,"column":59},"end":{"line":117,"column":84}}],"line":117},"14":{"loc":{"start":{"line":136,"column":9},"end":{"line":136,"column":84}},"type":"binary-expr","locations":[{"start":{"line":136,"column":9},"end":{"line":136,"column":21}},{"start":{"line":136,"column":25},"end":{"line":136,"column":84}}],"line":136},"15":{"loc":{"start":{"line":150,"column":9},"end":{"line":150,"column":90}},"type":"binary-expr","locations":[{"start":{"line":150,"column":9},"end":{"line":150,"column":24}},{"start":{"line":150,"column":28},"end":{"line":150,"column":90}}],"line":150},"16":{"loc":{"start":{"line":153,"column":7},"end":{"line":158,"column":7}},"type":"binary-expr","locations":[{"start":{"line":153,"column":7},"end":{"line":153,"column":26}},{"start":{"line":154,"column":8},"end":{"line":157,"column":10}}],"line":153},"17":{"loc":{"start":{"line":162,"column":18},"end":{"line":162,"column":66}},"type":"binary-expr","locations":[{"start":{"line":162,"column":18},"end":{"line":162,"column":25}},{"start":{"line":162,"column":30},"end":{"line":162,"column":49}},{"start":{"line":162,"column":53},"end":{"line":162,"column":65}}],"line":162},"18":{"loc":{"start":{"line":165,"column":9},"end":{"line":165,"column":85}},"type":"cond-expr","locations":[{"start":{"line":165,"column":19},"end":{"line":165,"column":34}},{"start":{"line":165,"column":37},"end":{"line":165,"column":85}}],"line":165},"19":{"loc":{"start":{"line":165,"column":37},"end":{"line":165,"column":85}},"type":"cond-expr","locations":[{"start":{"line":165,"column":56},"end":{"line":165,"column":70}},{"start":{"line":165,"column":73},"end":{"line":165,"column":85}}],"line":165}},"s":{"0":7,"1":7,"2":7,"3":7,"4":7,"5":1,"6":1,"7":7,"8":1,"9":1,"10":7,"11":2,"12":2,"13":2,"14":2,"15":2,"16":2,"17":1,"18":0,"19":1,"20":0,"21":1,"22":0,"23":1,"24":0,"25":2,"26":0,"27":0,"28":2,"29":2,"30":2,"31":1,"32":0,"33":0,"34":0,"35":1,"36":0,"37":0,"38":0,"39":0,"40":0,"41":0,"42":0,"43":0,"44":0,"45":0,"46":0,"47":0,"48":2,"49":2,"50":7},"f":{"0":7,"1":1,"2":1,"3":2,"4":0},"b":{"0":[1,1],"1":[0,1],"2":[0,1],"3":[0,1],"4":[0,1],"5":[0,2],"6":[1,1],"7":[0,0],"8":[0,0],"9":[0,0],"10":[0,0],"11":[0,0],"12":[0,0],"13":[2,0],"14":[7,0],"15":[7,0],"16":[7,3],"17":[7,5,2],"18":[2,5],"19":[3,2]},"_coverageSchema":"1a1c01bbd47fc00a2c39e90264f33305004495a9","hash":"3d8de2e101a70b3b6359f32494e2463cad151b02"}
,"/Users/criadosebastien/Desktop/RepriseSante/src/components/registration/SpecialitySelect.tsx": {"path":"/Users/criadosebastien/Desktop/RepriseSante/src/components/registration/SpecialitySelect.tsx","statementMap":{"0":{"start":{"line":10,"column":40},"end":{"line":10,"column":84}},"1":{"start":{"line":12,"column":2},"end":{"line":24,"column":9}},"2":{"start":{"line":13,"column":29},"end":{"line":21,"column":5}},"3":{"start":{"line":14,"column":30},"end":{"line":14,"column":76}},"4":{"start":{"line":15,"column":6},"end":{"line":20,"column":7}},"5":{"start":{"line":16,"column":8},"end":{"line":16,"column":60}},"6":{"start":{"line":18,"column":8},"end":{"line":18,"column":50}},"7":{"start":{"line":19,"column":8},"end":{"line":19,"column":29}},"8":{"start":{"line":23,"column":4},"end":{"line":23,"column":23}},"9":{"start":{"line":26,"column":23},"end":{"line":29,"column":3}},"10":{"start":{"line":27,"column":28},"end":{"line":27,"column":88}},"11":{"start":{"line":27,"column":75},"end":{"line":27,"column":87}},"12":{"start":{"line":28,"column":4},"end":{"line":28,"column":30}},"13":{"start":{"line":31,"column":2},"end":{"line":51,"column":4}},"14":{"start":{"line":45,"column":10},"end":{"line":47,"column":19}}},"fnMap":{"0":{"name":"SpecialtySelect","decl":{"start":{"line":9,"column":24},"end":{"line":9,"column":39}},"loc":{"start":{"line":9,"column":97},"end":{"line":52,"column":1}},"line":9},"1":{"name":"(anonymous_1)","decl":{"start":{"line":12,"column":12},"end":{"line":12,"column":13}},"loc":{"start":{"line":12,"column":18},"end":{"line":24,"column":3}},"line":12},"2":{"name":"(anonymous_2)","decl":{"start":{"line":13,"column":29},"end":{"line":13,"column":30}},"loc":{"start":{"line":13,"column":41},"end":{"line":21,"column":5}},"line":13},"3":{"name":"(anonymous_3)","decl":{"start":{"line":26,"column":23},"end":{"line":26,"column":24}},"loc":{"start":{"line":26,"column":68},"end":{"line":29,"column":3}},"line":26},"4":{"name":"(anonymous_4)","decl":{"start":{"line":27,"column":65},"end":{"line":27,"column":66}},"loc":{"start":{"line":27,"column":75},"end":{"line":27,"column":87}},"line":27},"5":{"name":"(anonymous_5)","decl":{"start":{"line":44,"column":25},"end":{"line":44,"column":26}},"loc":{"start":{"line":45,"column":10},"end":{"line":47,"column":19}},"line":45}},"branchMap":{"0":{"loc":{"start":{"line":15,"column":6},"end":{"line":20,"column":7}},"type":"if","locations":[{"start":{"line":15,"column":6},"end":{"line":20,"column":7}},{"start":{"line":17,"column":13},"end":{"line":20,"column":7}}],"line":15}},"s":{"0":3,"1":3,"2":1,"3":1,"4":0,"5":0,"6":0,"7":0,"8":1,"9":3,"10":0,"11":0,"12":0,"13":3,"14":0},"f":{"0":3,"1":1,"2":1,"3":0,"4":0,"5":0},"b":{"0":[0,0]},"_coverageSchema":"1a1c01bbd47fc00a2c39e90264f33305004495a9","hash":"9e898de543b8420732e10fb771248904e477a0d8"}
}
