TN:
SF:src/components/AuthForm.tsx
FN:18,AuthForm
FN:24,(anonymous_1)
FN:29,(anonymous_2)
FN:35,(anonymous_3)
FN:105,(anonymous_4)
FNF:5
FNH:4
FNDA:7,AuthForm
FNDA:1,(anonymous_1)
FNDA:1,(anonymous_2)
FNDA:2,(anonymous_3)
FNDA:0,(anonymous_4)
DA:19,7
DA:20,7
DA:21,7
DA:22,7
DA:24,7
DA:25,1
DA:26,1
DA:29,7
DA:30,1
DA:31,1
DA:35,7
DA:36,2
DA:37,2
DA:39,2
DA:40,2
DA:41,2
DA:43,2
DA:45,1
DA:46,0
DA:49,1
DA:50,0
DA:54,1
DA:55,0
DA:57,1
DA:58,0
DA:62,2
DA:63,0
DA:64,0
DA:67,2
DA:68,2
DA:69,2
DA:70,1
DA:74,0
DA:75,0
DA:77,1
DA:82,0
DA:84,0
DA:86,0
DA:100,0
DA:103,0
DA:105,0
DA:110,0
DA:113,0
DA:114,0
DA:117,2
DA:119,2
DA:123,7
LF:47
LH:30
BRDA:43,0,0,1
BRDA:43,0,1,1
BRDA:45,1,0,0
BRDA:45,1,1,1
BRDA:49,2,0,0
BRDA:49,2,1,1
BRDA:54,3,0,0
BRDA:54,3,1,1
BRDA:57,4,0,0
BRDA:57,4,1,1
BRDA:62,5,0,0
BRDA:62,5,1,2
BRDA:69,6,0,1
BRDA:69,6,1,1
BRDA:74,7,0,0
BRDA:74,7,1,0
BRDA:82,8,0,0
BRDA:82,8,1,0
BRDA:84,9,0,0
BRDA:84,9,1,0
BRDA:84,10,0,0
BRDA:84,10,1,0
BRDA:100,11,0,0
BRDA:100,11,1,0
BRDA:110,12,0,0
BRDA:110,12,1,0
BRDA:117,13,0,2
BRDA:117,13,1,0
BRDA:136,14,0,7
BRDA:136,14,1,0
BRDA:150,15,0,7
BRDA:150,15,1,0
BRDA:153,16,0,7
BRDA:153,16,1,3
BRDA:162,17,0,7
BRDA:162,17,1,5
BRDA:162,17,2,2
BRDA:165,18,0,2
BRDA:165,18,1,5
BRDA:165,19,0,3
BRDA:165,19,1,2
BRF:41
BRH:21
end_of_record
TN:
SF:src/components/registration/SpecialitySelect.tsx
FN:9,SpecialtySelect
FN:12,(anonymous_1)
FN:13,(anonymous_2)
FN:26,(anonymous_3)
FN:27,(anonymous_4)
FN:44,(anonymous_5)
FNF:6
FNH:3
FNDA:3,SpecialtySelect
FNDA:1,(anonymous_1)
FNDA:1,(anonymous_2)
FNDA:0,(anonymous_3)
FNDA:0,(anonymous_4)
FNDA:0,(anonymous_5)
DA:10,3
DA:12,3
DA:13,1
DA:14,1
DA:15,0
DA:16,0
DA:18,0
DA:19,0
DA:23,1
DA:26,3
DA:27,0
DA:28,0
DA:31,3
DA:45,0
LF:14
LH:7
BRDA:15,0,0,0
BRDA:15,0,1,0
BRF:2
BRH:0
end_of_record
