TN:
SF:src/components/AuthForm.tsx
FN:18,AuthForm
FN:24,(anonymous_1)
FN:29,(anonymous_2)
FN:35,(anonymous_3)
FN:105,(anonymous_4)
FNF:5
FNH:2
FNDA:4,AuthForm
FNDA:0,(anonymous_1)
FNDA:0,(anonymous_2)
FNDA:1,(anonymous_3)
FNDA:0,(anonymous_4)
DA:19,4
DA:20,4
DA:21,4
DA:22,4
DA:24,4
DA:25,0
DA:26,0
DA:29,4
DA:30,0
DA:31,0
DA:35,4
DA:36,1
DA:37,1
DA:39,1
DA:40,1
DA:41,1
DA:43,1
DA:45,0
DA:46,0
DA:49,0
DA:50,0
DA:54,1
DA:55,0
DA:57,1
DA:58,0
DA:62,1
DA:63,0
DA:64,0
DA:67,1
DA:68,1
DA:69,1
DA:70,1
DA:74,0
DA:75,0
DA:77,0
DA:82,0
DA:84,0
DA:86,0
DA:100,0
DA:103,0
DA:105,0
DA:110,0
DA:113,0
DA:114,0
DA:117,1
DA:119,1
DA:123,4
LF:47
LH:23
BRDA:43,0,0,0
BRDA:43,0,1,1
BRDA:45,1,0,0
BRDA:45,1,1,0
BRDA:49,2,0,0
BRDA:49,2,1,0
BRDA:54,3,0,0
BRDA:54,3,1,1
BRDA:57,4,0,0
BRDA:57,4,1,1
BRDA:62,5,0,0
BRDA:62,5,1,1
BRDA:69,6,0,1
BRDA:69,6,1,0
BRDA:74,7,0,0
BRDA:74,7,1,0
BRDA:82,8,0,0
BRDA:82,8,1,0
BRDA:84,9,0,0
BRDA:84,9,1,0
BRDA:84,10,0,0
BRDA:84,10,1,0
BRDA:100,11,0,0
BRDA:100,11,1,0
BRDA:110,12,0,0
BRDA:110,12,1,0
BRDA:117,13,0,1
BRDA:117,13,1,0
BRDA:136,14,0,4
BRDA:136,14,1,0
BRDA:150,15,0,4
BRDA:150,15,1,0
BRDA:153,16,0,4
BRDA:153,16,1,0
BRDA:162,17,0,4
BRDA:162,17,1,3
BRDA:162,17,2,0
BRDA:165,18,0,1
BRDA:165,18,1,3
BRDA:165,19,0,3
BRDA:165,19,1,0
BRF:41
BRH:14
end_of_record
TN:
SF:src/components/Faq.tsx
FN:79,FAQ
FN:86,(anonymous_1)
FN:89,(anonymous_2)
FN:91,(anonymous_3)
FNF:4
FNH:4
FNDA:2,FAQ
FNDA:8,(anonymous_1)
FNDA:20,(anonymous_2)
FNDA:60,(anonymous_3)
DA:5,1
DA:80,2
DA:87,8
DA:90,20
DA:92,60
LF:5
LH:5
BRDA:97,0,0,0
BRDA:97,0,1,60
BRF:2
BRH:1
end_of_record
TN:
SF:src/components/registration/SpecialitySelect.tsx
FN:15,SpecialtySelect
FN:21,(anonymous_1)
FN:22,(anonymous_2)
FN:27,(anonymous_3)
FN:38,(anonymous_4)
FN:55,(anonymous_5)
FN:56,(anonymous_6)
FN:62,(anonymous_7)
FN:63,(anonymous_8)
FNF:9
FNH:0
FNDA:0,SpecialtySelect
FNDA:0,(anonymous_1)
FNDA:0,(anonymous_2)
FNDA:0,(anonymous_3)
FNDA:0,(anonymous_4)
FNDA:0,(anonymous_5)
FNDA:0,(anonymous_6)
FNDA:0,(anonymous_7)
FNDA:0,(anonymous_8)
DA:19,0
DA:21,0
DA:22,0
DA:23,0
DA:24,0
DA:25,0
DA:27,0
DA:31,0
DA:35,0
DA:38,0
DA:39,0
DA:42,0
DA:56,0
DA:62,0
DA:63,0
LF:15
LH:0
BRDA:24,0,0,0
BRDA:24,0,1,0
BRF:2
BRH:0
end_of_record
TN:
SF:src/contexts/AuthContext.tsx
FN:16,(anonymous_0)
FN:19,AuthProvider
FN:24,(anonymous_2)
FN:33,(anonymous_3)
FN:34,(anonymous_4)
FN:39,(anonymous_5)
FN:43,(anonymous_6)
FN:53,(anonymous_7)
FNF:8
FNH:1
FNDA:0,(anonymous_0)
FNDA:0,AuthProvider
FNDA:0,(anonymous_2)
FNDA:0,(anonymous_3)
FNDA:0,(anonymous_4)
FNDA:0,(anonymous_5)
FNDA:0,(anonymous_6)
FNDA:2,(anonymous_7)
DA:13,1
DA:20,0
DA:21,0
DA:22,0
DA:24,0
DA:25,0
DA:26,0
DA:27,0
DA:29,0
DA:33,0
DA:34,0
DA:35,0
DA:36,0
DA:39,0
DA:40,0
DA:43,0
DA:46,0
DA:53,2
LF:18
LH:2
BRDA:35,0,0,0
BRDA:35,0,1,0
BRDA:40,1,0,0
BRDA:40,1,1,0
BRF:4
BRH:0
end_of_record
TN:
SF:src/pages/Home.tsx
FN:7,Home
FN:11,(anonymous_1)
FNF:2
FNH:2
FNDA:2,Home
FNDA:2,(anonymous_1)
DA:8,2
DA:9,2
DA:11,2
DA:12,2
DA:13,1
DA:16,2
LF:6
LH:6
BRDA:12,0,0,1
BRDA:12,0,1,1
BRF:2
BRH:2
end_of_record
